<?xml version="1.0" encoding="UTF-8"?>
<testsuite xmlns:xsi="http://www.w3.org/2001/XMLSchema-instance" xsi:noNamespaceSchemaLocation="https://maven.apache.org/surefire/maven-surefire-plugin/xsd/surefire-test-report-3.0.xsd" version="3.0" name="com.employee.EmployeeDatabaseApplicationTests" time="23.894" tests="1" errors="0" skipped="0" failures="0">
  <properties>
[...]
</properties>
  <testcase name="contextLoads" classname="com.employee.EmployeeDatabaseApplicationTests" time="2.899">
    <system-out><![CDATA[20:19:25.437 [main] INFO org.springframework.test.context.support.AnnotationConfigContextLoaderUtils -- Could not detect default configuration classes for test class [com.employee.EmployeeDatabaseApplicationTests]: EmployeeDatabaseApplicationTests does not declare any static, non-private, non-final, nested classes annotated with @Configuration.
20:19:26.134 [main] INFO org.springframework.boot.test.context.SpringBootTestContextBootstrapper -- Found @SpringBootConfiguration com.employee.EmployeeDatabaseApplication for test class com.employee.EmployeeDatabaseApplicationTests

  .   ____          _            __ _ _
 /\\ / ___'_ __ _ _(_)_ __  __ _ \ \ \ \
( ( )\___ | '_ | '_| | '_ \/ _` | \ \ \ \
 \\/  ___)| |_)| | | | | || (_| |  ) ) ) )
  '  |____| .__|_| |_|_| |_\__, | / / / /
 =========|_|==============|___/=/_/_/_/
 :: Spring Boot ::                (v3.1.3)

2023-08-24T20:19:28.066+05:30  INFO 31296 --- [           main] c.e.EmployeeDatabaseApplicationTests     : Starting EmployeeDatabaseApplicationTests using Java 17 with PID 31296 (started by Saikumar.Karlapalem in C:\kafka_connect\EmployeeDatabase)
2023-08-24T20:19:28.070+05:30  INFO 31296 --- [           main] c.e.EmployeeDatabaseApplicationTests     : No active profile set, falling back to 1 default profile: "default"
2023-08-24T20:19:31.374+05:30  INFO 31296 --- [           main] .s.d.r.c.RepositoryConfigurationDelegate : Bootstrapping Spring Data JPA repositories in DEFAULT mode.
2023-08-24T20:19:31.658+05:30  INFO 31296 --- [           main] .s.d.r.c.RepositoryConfigurationDelegate : Finished Spring Data repository scanning in 241 ms. Found 1 JPA repository interfaces.
2023-08-24T20:19:33.590+05:30  INFO 31296 --- [           main] o.hibernate.jpa.internal.util.LogHelper  : HHH000204: Processing PersistenceUnitInfo [name: default]
2023-08-24T20:19:33.900+05:30  INFO 31296 --- [           main] org.hibernate.Version                    : HHH000412: Hibernate ORM core version 6.2.7.Final
2023-08-24T20:19:33.911+05:30  INFO 31296 --- [           main] org.hibernate.cfg.Environment            : HHH000406: Using bytecode reflection optimizer
2023-08-24T20:19:34.874+05:30  INFO 31296 --- [           main] o.h.b.i.BytecodeProviderInitiator        : HHH000021: Bytecode provider name : bytebuddy
2023-08-24T20:19:35.645+05:30  INFO 31296 --- [           main] o.s.o.j.p.SpringPersistenceUnitInfo      : No LoadTimeWeaver setup: ignoring JPA class transformer
2023-08-24T20:19:35.737+05:30  INFO 31296 --- [           main] com.zaxxer.hikari.HikariDataSource       : HikariPool-1 - Starting...
2023-08-24T20:19:36.678+05:30  INFO 31296 --- [           main] com.zaxxer.hikari.pool.HikariPool        : HikariPool-1 - Added connection org.postgresql.jdbc.PgConnection@5b332439
2023-08-24T20:19:36.685+05:30  INFO 31296 --- [           main] com.zaxxer.hikari.HikariDataSource       : HikariPool-1 - Start completed.
2023-08-24T20:19:38.136+05:30  INFO 31296 --- [           main] o.h.b.i.BytecodeProviderInitiator        : HHH000021: Bytecode provider name : bytebuddy
2023-08-24T20:19:41.229+05:30  INFO 31296 --- [           main] o.h.e.t.j.p.i.JtaPlatformInitiator       : HHH000490: Using JtaPlatform implementation: [org.hibernate.engine.transaction.jta.platform.internal.NoJtaPlatform]
2023-08-24T20:19:41.813+05:30  INFO 31296 --- [           main] j.LocalContainerEntityManagerFactoryBean : Initialized JPA EntityManagerFactory for persistence unit 'default'
2023-08-24T20:19:44.009+05:30  WARN 31296 --- [           main] JpaBaseConfiguration$JpaWebConfiguration : spring.jpa.open-in-view is enabled by default. Therefore, database queries may be performed during view rendering. Explicitly configure spring.jpa.open-in-view to disable this warning
2023-08-24T20:19:45.630+05:30  INFO 31296 --- [           main] c.e.EmployeeDatabaseApplicationTests     : Started EmployeeDatabaseApplicationTests in 18.712 seconds (process running for 23.462)
]]></system-out>
  </testcase>
</testsuite>